<?xml version="1.0" encoding="UTF-8"?>
<!-- Generated by org.testng.reporters.JUnitReportReporter -->
<testsuite hostname="Ash" failures="0" tests="3" name="TestScripts.Test1" time="6.831" errors="1" timestamp="2022-02-26T18:01:30 IST" skipped="0">
  <testcase classname="TestScripts.Test1" name="test" time="6.268"/>
  <system-out/>
  <testcase classname="TestScripts.Test1" name="tearDown" time="0.281">
    <error message="Unable to find the session info for particular sessionId null, maybe session has quit already or timed out. (WARNING: The server did not provide any stacktrace information)
Command duration or timeout: 280 milliseconds
Build info: version: &#039;2.53.1&#039;, revision: &#039;a36b8b1cd5757287168e54b817830adce9b0158d&#039;, time: &#039;2016-06-30 19:26:09&#039;
System info: host: &#039;Ash&#039;, ip: &#039;192.168.0.4&#039;, os.name: &#039;Windows 10&#039;, os.arch: &#039;amd64&#039;, os.version: &#039;10.0&#039;, java.version: &#039;17.0.2&#039;
Driver info: org.openqa.selenium.remote.RemoteWebDriver
Capabilities [{capabilities={moz:profile=C:\Users\ltuser\AppData\Local\Temp\rust_mozprofiles0dSox, moz:geckodriverVersion=0.30.0, timeouts={implicit=0, pageLoad=300000, script=30000}, pageLoadStrategy=normal, unhandledPromptBehavior=dismiss and notify, strictFileInteractability=false, moz:headless=false, proxy={}, moz:accessibilityChecks=false, moz:useNonSpecCompliantPointerOrigin=false, webdriver.remote.sessionid=58391e47-a21c-4cee-a488-26527af4b039, acceptInsecureCerts=true, browserVersion=98.0, moz:shutdownTimeout=60000, platformVersion=10.0, moz:processID=2744, browserName=firefox, moz:buildID=20220213185901, platformName=windows, setWindowRect=true, moz:webdriverClick=true}, sessionId=58391e47-a21c-4cee-a488-26527af4b039, platform=ANY}]
Session ID: null" type="org.openqa.selenium.TimeoutException">
      <![CDATA[org.openqa.selenium.TimeoutException: Unable to find the session info for particular sessionId null, maybe session has quit already or timed out. (WARNING: The server did not provide any stacktrace information)
Command duration or timeout: 280 milliseconds
Build info: version: '2.53.1', revision: 'a36b8b1cd5757287168e54b817830adce9b0158d', time: '2016-06-30 19:26:09'
System info: host: 'Ash', ip: '192.168.0.4', os.name: 'Windows 10', os.arch: 'amd64', os.version: '10.0', java.version: '17.0.2'
Driver info: org.openqa.selenium.remote.RemoteWebDriver
Capabilities [{capabilities={moz:profile=C:\Users\ltuser\AppData\Local\Temp\rust_mozprofiles0dSox, moz:geckodriverVersion=0.30.0, timeouts={implicit=0, pageLoad=300000, script=30000}, pageLoadStrategy=normal, unhandledPromptBehavior=dismiss and notify, strictFileInteractability=false, moz:headless=false, proxy={}, moz:accessibilityChecks=false, moz:useNonSpecCompliantPointerOrigin=false, webdriver.remote.sessionid=58391e47-a21c-4cee-a488-26527af4b039, acceptInsecureCerts=true, browserVersion=98.0, moz:shutdownTimeout=60000, platformVersion=10.0, moz:processID=2744, browserName=firefox, moz:buildID=20220213185901, platformName=windows, setWindowRect=true, moz:webdriverClick=true}, sessionId=58391e47-a21c-4cee-a488-26527af4b039, platform=ANY}]
Session ID: null
at java.base/jdk.internal.reflect.NativeConstructorAccessorImpl.newInstance0(Native Method)
at java.base/jdk.internal.reflect.NativeConstructorAccessorImpl.newInstance(NativeConstructorAccessorImpl.java:77)
at java.base/jdk.internal.reflect.DelegatingConstructorAccessorImpl.newInstance(DelegatingConstructorAccessorImpl.java:45)
at java.base/java.lang.reflect.Constructor.newInstanceWithCaller(Constructor.java:499)
at java.base/java.lang.reflect.Constructor.newInstance(Constructor.java:480)
at org.openqa.selenium.remote.ErrorHandler.createThrowable(ErrorHandler.java:206)
at org.openqa.selenium.remote.ErrorHandler.throwIfResponseFailed(ErrorHandler.java:158)
at org.openqa.selenium.remote.RemoteWebDriver.execute(RemoteWebDriver.java:678)
at org.openqa.selenium.remote.RemoteWebDriver.execute(RemoteWebDriver.java:701)
at org.openqa.selenium.remote.RemoteWebDriver.quit(RemoteWebDriver.java:526)
at TestScripts.Test1.tearDown(Test1.java:121)
at java.base/jdk.internal.reflect.NativeMethodAccessorImpl.invoke0(Native Method)
at java.base/jdk.internal.reflect.NativeMethodAccessorImpl.invoke(NativeMethodAccessorImpl.java:77)
at java.base/jdk.internal.reflect.DelegatingMethodAccessorImpl.invoke(DelegatingMethodAccessorImpl.java:43)
at java.base/java.lang.reflect.Method.invoke(Method.java:568)
at org.testng.internal.MethodInvocationHelper.invokeMethod(MethodInvocationHelper.java:133)
at org.testng.internal.MethodInvocationHelper.invokeMethodConsideringTimeout(MethodInvocationHelper.java:62)
at org.testng.internal.ConfigInvoker.invokeConfigurationMethod(ConfigInvoker.java:385)
at org.testng.internal.ConfigInvoker.invokeConfigurations(ConfigInvoker.java:321)
at org.testng.TestRunner.invokeTestConfigurations(TestRunner.java:637)
at org.testng.TestRunner.afterRun(TestRunner.java:877)
at org.testng.TestRunner.run(TestRunner.java:599)
at org.testng.SuiteRunner.runTest(SuiteRunner.java:377)
at org.testng.SuiteRunner.runSequentially(SuiteRunner.java:371)
at org.testng.SuiteRunner.privateRun(SuiteRunner.java:332)
at org.testng.SuiteRunner.run(SuiteRunner.java:276)
at org.testng.SuiteRunnerWorker.runSuite(SuiteRunnerWorker.java:53)
at org.testng.SuiteRunnerWorker.run(SuiteRunnerWorker.java:96)
at org.testng.TestNG.runSuitesSequentially(TestNG.java:1212)
at org.testng.TestNG.runSuitesSequentially(TestNG.java:1207)
at org.testng.TestNG.runSuitesLocally(TestNG.java:1134)
at org.testng.TestNG.runSuites(TestNG.java:1063)
at org.testng.TestNG.run(TestNG.java:1031)
at org.testng.remote.AbstractRemoteTestNG.run(AbstractRemoteTestNG.java:115)
at org.testng.remote.RemoteTestNG.initAndRun(RemoteTestNG.java:251)
at org.testng.remote.RemoteTestNG.main(RemoteTestNG.java:77)
]]>
    </error>
  </testcase> <!-- tearDown -->
  <system-out/>
  <testcase classname="TestScripts.Test1" name="test" time="0.282"/>
  <system-out/>
</testsuite> <!-- TestScripts.Test1 -->
